Using pre-set license
Built from '2020.2/release' branch; Version is '2020.2.2f1 (068178b99f32) revision 426360'; Using compiler version '192528614'; Build Type 'Release'
OS: 'Windows 10 Home; OS build 19041.928; Version 2004; 64bit' Language: 'en' Physical Memory: 16184 MB
BatchMode: 1, IsHumanControllingUs: 0, StartBugReporterOnCrash: 0, Is64bit: 1, IsPro: 0

 COMMAND LINE ARGUMENTS:
E:\Unity\2020.2.2f1\Editor\Unity.exe
-adb2
-batchMode
-noUpm
-name
AssetImportWorker0
-projectPath
G:/Unity/Projects/Engine3033-Labs
-logFile
Logs/AssetImportWorker0.log
-srvPort
59937
Successfully changed project path to: G:/Unity/Projects/Engine3033-Labs
G:/Unity/Projects/Engine3033-Labs
Using Asset Import Pipeline V2.
Refreshing native plugins compatible for Editor in 30.26 ms, found 0 plugins.
Preloading 0 native plugins for Editor in 0.00 ms.
Initialize engine version: 2020.2.2f1 (068178b99f32)
[Subsystems] Discovering subsystems at path E:/Unity/2020.2.2f1/Editor/Data/Resources/UnitySubsystems
[Subsystems] Discovering subsystems at path G:/Unity/Projects/Engine3033-Labs/Assets
GfxDevice: creating device client; threaded=0
Direct3D:
    Version:  Direct3D 11.0 [level 11.1]
    Renderer: NVIDIA GeForce RTX 3080 (ID=0x2206)
    Vendor:   
    VRAM:     10078 MB
    Driver:   27.21.14.6137
Initialize mono
Mono path[0] = 'E:/Unity/2020.2.2f1/Editor/Data/Managed'
Mono path[1] = 'E:/Unity/2020.2.2f1/Editor/Data/MonoBleedingEdge/lib/mono/unityjit'
Mono config path = 'E:/Unity/2020.2.2f1/Editor/Data/MonoBleedingEdge/etc'
Using monoOptions --debugger-agent=transport=dt_socket,embedding=1,server=y,suspend=n,address=127.0.0.1:56248
Begin MonoManager ReloadAssembly
Registering precompiled unity dll's ...
Register platform support module: E:/Unity/2020.2.2f1/Editor/Data/PlaybackEngines/WebGLSupport/UnityEditor.WebGL.Extensions.dll
Register platform support module: E:/Unity/2020.2.2f1/Editor/Data/PlaybackEngines/WindowsStandaloneSupport/UnityEditor.WindowsStandalone.Extensions.dll
Register platform support module: E:/Unity/2020.2.2f1/Editor/Data/PlaybackEngines/LinuxStandaloneSupport/UnityEditor.LinuxStandalone.Extensions.dll
Registered in 0.000986 seconds.
Native extension for LinuxStandalone target not found
Native extension for WindowsStandalone target not found
Native extension for WebGL target not found
Refreshing native plugins compatible for Editor in 29.77 ms, found 0 plugins.
Preloading 0 native plugins for Editor in 0.00 ms.
Invoked RoslynAnalysisRunner static constructor.
RoslynAnalysisRunner will not be running.
RoslynAnalysisRunner has terminated.
Mono: successfully reloaded assembly
- Completed reload, in  1.163 seconds
Platform modules already initialized, skipping
Registering precompiled user dll's ...
Registered in 0.000516 seconds.
Begin MonoManager ReloadAssembly
Native extension for LinuxStandalone target not found
Native extension for WindowsStandalone target not found
Native extension for WebGL target not found
Refreshing native plugins compatible for Editor in 30.45 ms, found 0 plugins.
Preloading 0 native plugins for Editor in 0.00 ms.
Invoked RoslynAnalysisRunner static constructor.
RoslynAnalysisRunner will not be running.
RoslynAnalysisRunner has terminated.
Mono: successfully reloaded assembly
- Completed reload, in  0.793 seconds
Platform modules already initialized, skipping
========================================================================
Worker process is ready to serve import requests
Launched and connected shader compiler UnityShaderCompiler.exe after 0.03 seconds
Refreshing native plugins compatible for Editor in 0.64 ms, found 0 plugins.
Preloading 0 native plugins for Editor in 0.00 ms.
Unloading 1944 Unused Serialized files (Serialized files now loaded: 0)
System memory in use before: 92.4 MB.
System memory in use after: 92.4 MB.

Unloading 107 unused Assets to reduce memory usage. Loaded Objects now: 2380.
Total: 2.035800 ms (FindLiveObjects: 0.192900 ms CreateObjectMapping: 0.071000 ms MarkObjects: 1.613800 ms  DeleteObjects: 0.157500 ms)

========================================================================
Received Import Request.
  path: Assets/Data/Prefabs/Player.prefab
  artifactKey: Guid(82d1141a057a9374aaba451f338c27e5) Importer(815301076,1909f56bfc062723c751e8b465ee728b)
Start importing Assets/Data/Prefabs/Player.prefab using Guid(82d1141a057a9374aaba451f338c27e5) Importer(815301076,1909f56bfc062723c751e8b465ee728b)  -> (artifact id: 'f095cf1d95e039f6d2ac9d748d70b0b6') in 0.319268 seconds
  Import took 0.326260 seconds .

========================================================================
Received Import Request.
  Time since last request: 0.000151 seconds.
  path: Assets/Data/Prefabs/PlayerDragDrop.prefab
  artifactKey: Guid(24deb297a8073ae48abf224b85f8e29e) Importer(815301076,1909f56bfc062723c751e8b465ee728b)
Start importing Assets/Data/Prefabs/PlayerDragDrop.prefab using Guid(24deb297a8073ae48abf224b85f8e29e) Importer(815301076,1909f56bfc062723c751e8b465ee728b)  -> (artifact id: '343eb4c16f1842c0e187ca510e5541c4') in 0.248340 seconds
  Import took 0.255824 seconds .

========================================================================
Received Import Request.
  Time since last request: 17.191924 seconds.
  path: Assets/ProBuilder Data/Default Material Palette.asset
  artifactKey: Guid(913b5eacde0f74842affb0e34412c9ca) Importer(815301076,1909f56bfc062723c751e8b465ee728b)
Start importing Assets/ProBuilder Data/Default Material Palette.asset using Guid(913b5eacde0f74842affb0e34412c9ca) Importer(815301076,1909f56bfc062723c751e8b465ee728b)  -> (artifact id: '30a856e4b7907b2a835088eab9518537') in 0.006998 seconds
  Import took 0.010318 seconds .

========================================================================
Received Import Request.
  Time since last request: 18.668470 seconds.
  path: Assets/Data/Prefabs/Zombie/Zombie.prefab
  artifactKey: Guid(d07b1ceb004a7604682b42cb08570f38) Importer(815301076,1909f56bfc062723c751e8b465ee728b)
Start importing Assets/Data/Prefabs/Zombie/Zombie.prefab using Guid(d07b1ceb004a7604682b42cb08570f38) Importer(815301076,1909f56bfc062723c751e8b465ee728b)  -> (artifact id: 'd079b3d6f088baa93247d620a5ebd3b0') in 0.147071 seconds
  Import took 0.152529 seconds .

========================================================================
Received Prepare
Registering precompiled user dll's ...
Registered in 0.000513 seconds.
Begin MonoManager ReloadAssembly
Native extension for LinuxStandalone target not found
Native extension for WindowsStandalone target not found
Native extension for WebGL target not found
Refreshing native plugins compatible for Editor in 0.32 ms, found 0 plugins.
Preloading 0 native plugins for Editor in 0.00 ms.
Warning: Annotation not found!
UnityEngine.StackTraceUtility:ExtractStackTrace ()
UnityEditor.ProBuilder.EditorUtility:SetGizmoIconEnabled (System.Type,bool) (at Library/PackageCache/com.unity.probuilder@4.4.0/Editor/EditorCore/EditorUtility.cs:593)
UnityEditor.ProBuilder.HierarchyListener:.cctor () (at Library/PackageCache/com.unity.probuilder@4.4.0/Editor/EditorCore/HierarchyListener.cs:21)
System.Runtime.CompilerServices.RuntimeHelpers:RunClassConstructor (System.RuntimeTypeHandle)
UnityEditor.EditorAssemblies:ProcessInitializeOnLoadAttributes (System.Type[])

[Library/PackageCache/com.unity.probuilder@4.4.0/Editor/EditorCore/EditorUtility.cs line 593]

Invoked RoslynAnalysisRunner static constructor.
RoslynAnalysisRunner will not be running.
RoslynAnalysisRunner has terminated.
Mono: successfully reloaded assembly
- Completed reload, in  0.652 seconds
Platform modules already initialized, skipping
Refreshing native plugins compatible for Editor in 0.32 ms, found 0 plugins.
Preloading 0 native plugins for Editor in 0.00 ms.
Unloading 1891 Unused Serialized files (Serialized files now loaded: 0)
System memory in use before: 103.5 MB.
System memory in use after: 103.6 MB.

Unloading 7 unused Assets to reduce memory usage. Loaded Objects now: 2390.
Total: 1.871200 ms (FindLiveObjects: 0.253300 ms CreateObjectMapping: 0.076200 ms MarkObjects: 1.471200 ms  DeleteObjects: 0.069700 ms)

AssetImportWorkerClient::OnTransportError - code=2 error=End of file
